<?xml version="1.0" encoding="UTF-8"?>
<testsuite xmlns:xsi="http://www.w3.org/2001/XMLSchema-instance" xsi:noNamespaceSchemaLocation="https://maven.apache.org/surefire/maven-surefire-plugin/xsd/surefire-test-report.xsd" name="br.com.testeacesse.web.TesteAcesseApplicationTests" time="4.04" tests="1" errors="1" skipped="0" failures="0">
  <properties>
[...]
</properties>
  <testcase name="br.com.testeacesse.web.TesteAcesseApplicationTests" classname="br.com.testeacesse.web.TesteAcesseApplicationTests" time="4.039">
    <error message="Unable to find a @SpringBootConfiguration, you need to use @ContextConfiguration or @SpringBootTest(classes=...) with your test" type="java.lang.IllegalStateException">java.lang.IllegalStateException: Unable to find a @SpringBootConfiguration, you need to use @ContextConfiguration or @SpringBootTest(classes=...) with your test
</error>
    <system-out><![CDATA[22:25:40.079 [main] DEBUG org.springframework.test.context.BootstrapUtils - Instantiating CacheAwareContextLoaderDelegate from class [org.springframework.test.context.cache.DefaultCacheAwareContextLoaderDelegate]
22:25:40.378 [main] DEBUG org.springframework.test.context.BootstrapUtils - Instantiating BootstrapContext using constructor [public org.springframework.test.context.support.DefaultBootstrapContext(java.lang.Class,org.springframework.test.context.CacheAwareContextLoaderDelegate)]
22:25:40.705 [main] DEBUG org.springframework.test.context.BootstrapUtils - Instantiating TestContextBootstrapper for test class [br.com.testeacesse.web.TesteAcesseApplicationTests] from class [org.springframework.boot.test.context.SpringBootTestContextBootstrapper]
22:25:41.007 [main] INFO org.springframework.boot.test.context.SpringBootTestContextBootstrapper - Neither @ContextConfiguration nor @ContextHierarchy found for test class [br.com.testeacesse.web.TesteAcesseApplicationTests], using SpringBootContextLoader
22:25:41.019 [main] DEBUG org.springframework.test.context.support.AbstractContextLoader - Did not detect default resource location for test class [br.com.testeacesse.web.TesteAcesseApplicationTests]: class path resource [br/com/testeacesse/web/TesteAcesseApplicationTests-context.xml] does not exist
22:25:41.019 [main] DEBUG org.springframework.test.context.support.AbstractContextLoader - Did not detect default resource location for test class [br.com.testeacesse.web.TesteAcesseApplicationTests]: class path resource [br/com/testeacesse/web/TesteAcesseApplicationTestsContext.groovy] does not exist
22:25:41.019 [main] INFO org.springframework.test.context.support.AbstractContextLoader - Could not detect default resource locations for test class [br.com.testeacesse.web.TesteAcesseApplicationTests]: no resource found for suffixes {-context.xml, Context.groovy}.
22:25:41.037 [main] INFO org.springframework.test.context.support.AnnotationConfigContextLoaderUtils - Could not detect default configuration classes for test class [br.com.testeacesse.web.TesteAcesseApplicationTests]: TesteAcesseApplicationTests does not declare any static, non-private, non-final, nested classes annotated with @Configuration.
22:25:41.436 [main] DEBUG org.springframework.test.context.support.ActiveProfilesUtils - Could not find an 'annotation declaring class' for annotation type [org.springframework.test.context.ActiveProfiles] and class [br.com.testeacesse.web.TesteAcesseApplicationTests]
22:25:41.540 [main] DEBUG org.springframework.test.context.BootstrapUtils - Instantiating CacheAwareContextLoaderDelegate from class [org.springframework.test.context.cache.DefaultCacheAwareContextLoaderDelegate]
22:25:41.541 [main] DEBUG org.springframework.test.context.BootstrapUtils - Instantiating BootstrapContext using constructor [public org.springframework.test.context.support.DefaultBootstrapContext(java.lang.Class,org.springframework.test.context.CacheAwareContextLoaderDelegate)]
22:25:41.541 [main] DEBUG org.springframework.test.context.BootstrapUtils - Instantiating TestContextBootstrapper for test class [br.com.testeacesse.web.TesteAcesseApplicationTests] from class [org.springframework.boot.test.context.SpringBootTestContextBootstrapper]
22:25:41.542 [main] INFO org.springframework.boot.test.context.SpringBootTestContextBootstrapper - Neither @ContextConfiguration nor @ContextHierarchy found for test class [br.com.testeacesse.web.TesteAcesseApplicationTests], using SpringBootContextLoader
22:25:41.542 [main] DEBUG org.springframework.test.context.support.AbstractContextLoader - Did not detect default resource location for test class [br.com.testeacesse.web.TesteAcesseApplicationTests]: class path resource [br/com/testeacesse/web/TesteAcesseApplicationTests-context.xml] does not exist
22:25:41.543 [main] DEBUG org.springframework.test.context.support.AbstractContextLoader - Did not detect default resource location for test class [br.com.testeacesse.web.TesteAcesseApplicationTests]: class path resource [br/com/testeacesse/web/TesteAcesseApplicationTestsContext.groovy] does not exist
22:25:41.543 [main] INFO org.springframework.test.context.support.AbstractContextLoader - Could not detect default resource locations for test class [br.com.testeacesse.web.TesteAcesseApplicationTests]: no resource found for suffixes {-context.xml, Context.groovy}.
22:25:41.543 [main] INFO org.springframework.test.context.support.AnnotationConfigContextLoaderUtils - Could not detect default configuration classes for test class [br.com.testeacesse.web.TesteAcesseApplicationTests]: TesteAcesseApplicationTests does not declare any static, non-private, non-final, nested classes annotated with @Configuration.
22:25:41.545 [main] DEBUG org.springframework.test.context.support.ActiveProfilesUtils - Could not find an 'annotation declaring class' for annotation type [org.springframework.test.context.ActiveProfiles] and class [br.com.testeacesse.web.TesteAcesseApplicationTests]
22:25:41.550 [main] DEBUG org.springframework.test.context.BootstrapUtils - Instantiating CacheAwareContextLoaderDelegate from class [org.springframework.test.context.cache.DefaultCacheAwareContextLoaderDelegate]
22:25:41.551 [main] DEBUG org.springframework.test.context.BootstrapUtils - Instantiating BootstrapContext using constructor [public org.springframework.test.context.support.DefaultBootstrapContext(java.lang.Class,org.springframework.test.context.CacheAwareContextLoaderDelegate)]
22:25:41.551 [main] DEBUG org.springframework.test.context.BootstrapUtils - Instantiating TestContextBootstrapper for test class [br.com.testeacesse.web.TesteAcesseApplicationTests] from class [org.springframework.boot.test.context.SpringBootTestContextBootstrapper]
22:25:41.552 [main] INFO org.springframework.boot.test.context.SpringBootTestContextBootstrapper - Neither @ContextConfiguration nor @ContextHierarchy found for test class [br.com.testeacesse.web.TesteAcesseApplicationTests], using SpringBootContextLoader
22:25:41.553 [main] DEBUG org.springframework.test.context.support.AbstractContextLoader - Did not detect default resource location for test class [br.com.testeacesse.web.TesteAcesseApplicationTests]: class path resource [br/com/testeacesse/web/TesteAcesseApplicationTests-context.xml] does not exist
22:25:41.553 [main] DEBUG org.springframework.test.context.support.AbstractContextLoader - Did not detect default resource location for test class [br.com.testeacesse.web.TesteAcesseApplicationTests]: class path resource [br/com/testeacesse/web/TesteAcesseApplicationTestsContext.groovy] does not exist
22:25:41.554 [main] INFO org.springframework.test.context.support.AbstractContextLoader - Could not detect default resource locations for test class [br.com.testeacesse.web.TesteAcesseApplicationTests]: no resource found for suffixes {-context.xml, Context.groovy}.
22:25:41.554 [main] INFO org.springframework.test.context.support.AnnotationConfigContextLoaderUtils - Could not detect default configuration classes for test class [br.com.testeacesse.web.TesteAcesseApplicationTests]: TesteAcesseApplicationTests does not declare any static, non-private, non-final, nested classes annotated with @Configuration.
22:25:41.555 [main] DEBUG org.springframework.test.context.support.ActiveProfilesUtils - Could not find an 'annotation declaring class' for annotation type [org.springframework.test.context.ActiveProfiles] and class [br.com.testeacesse.web.TesteAcesseApplicationTests]
]]></system-out>
  </testcase>
</testsuite>